<?xml version="1.0" encoding="UTF-8"?>
<!-- Generated by org.testng.reporters.JUnitXMLReporter -->
<testsuite hostname="BG3WS0366" name="Test" tests="4" failures="0" timestamp="25 May 2020 13:09:14 GMT" time="127.789" errors="0">
  <testcase name="@AfterTest stopDcker" time="0.0" classname="browserSamples.Chromelaunch">
    <failure type="java.lang.AssertionError" message="expected [true] but found [false]">
      <![CDATA[java.lang.AssertionError: expected [true] but found [false]
	at browserSamples.DockerDown.makeDockerdown(DockerDown.java:53)
	at browserSamples.Chromelaunch.stopDcker(Chromelaunch.java:29)
... Removed 27 stack frames]]>
    </failure>
  </testcase> <!-- @AfterTest stopDcker -->
  <testcase name="test1" time="26.553" classname="browserSamples.Chromelaunch"/>
  <testcase name="test2" time="38.727" classname="browserSamples.Firefoxlaunch"/>
  <testcase name="test4" time="52.358" classname="browserSamples.Firefoxlaunch2"/>
  <testcase name="test3" time="92.681" classname="browserSamples.Chromelaunch2"/>
</testsuite> <!-- Test -->
